Mar 17 09:28:58 Updated: glibc-2.17-323.el7_9.x86_64
Mar 17 09:29:03 Updated: glibc-common-2.17-323.el7_9.x86_64
Mar 17 09:29:03 Installed: mpfr-3.1.1-4.el7.x86_64
Mar 17 09:29:03 Installed: libmpc-1.0.1-3.el7.x86_64
Mar 17 09:29:03 Installed: apr-1.4.8-7.el7.x86_64
Mar 17 09:29:03 Installed: m4-1.4.16-10.el7.x86_64
Mar 17 09:29:03 Installed: libquadmath-4.8.5-44.el7.x86_64
Mar 17 09:29:03 Installed: apr-util-1.5.2-6.el7.x86_64
Mar 17 09:29:03 Installed: unzip-6.0-21.el7.x86_64
Mar 17 09:29:03 Installed: boost-system-1.53.0-28.el7.x86_64
Mar 17 09:29:03 Installed: avahi-libs-0.6.31-20.el7.x86_64
Mar 17 09:29:03 Installed: patch-2.7.1-12.el7_7.x86_64
Mar 17 09:29:03 Installed: zip-3.0-11.el7.x86_64
Mar 17 09:29:03 Installed: boost-thread-1.53.0-28.el7.x86_64
Mar 17 09:29:03 Installed: libgfortran-4.8.5-44.el7.x86_64
Mar 17 09:29:03 Installed: cpp-4.8.5-44.el7.x86_64
Mar 17 09:29:04 Installed: libdwarf-20130207-4.el7.x86_64
Mar 17 09:29:04 Installed: nettle-2.7.1-8.el7.x86_64
Mar 17 09:29:04 Installed: 1:perl-parent-0.225-244.el7.noarch
Mar 17 09:29:04 Installed: perl-HTTP-Tiny-0.033-3.el7.noarch
Mar 17 09:29:04 Installed: perl-podlators-2.5.1-3.el7.noarch
Mar 17 09:29:04 Installed: perl-Pod-Perldoc-3.20-4.el7.noarch
Mar 17 09:29:04 Installed: 1:perl-Pod-Escapes-1.04-299.el7_9.noarch
Mar 17 09:29:04 Installed: perl-Text-ParseWords-3.29-4.el7.noarch
Mar 17 09:29:04 Installed: perl-Encode-2.51-7.el7.x86_64
Mar 17 09:29:04 Installed: perl-Pod-Usage-1.63-3.el7.noarch
Mar 17 09:29:04 Installed: perl-Storable-2.45-3.el7.x86_64
Mar 17 09:29:04 Installed: 4:perl-Time-HiRes-1.9725-3.el7.x86_64
Mar 17 09:29:04 Installed: perl-threads-1.87-4.el7.x86_64
Mar 17 09:29:04 Installed: perl-Carp-1.26-244.el7.noarch
Mar 17 09:29:04 Installed: perl-Filter-1.49-3.el7.x86_64
Mar 17 09:29:04 Installed: perl-Exporter-5.68-3.el7.noarch
Mar 17 09:29:04 Installed: perl-constant-1.27-2.el7.noarch
Mar 17 09:29:04 Installed: perl-Socket-2.010-5.el7.x86_64
Mar 17 09:29:04 Installed: 4:perl-macros-5.16.3-299.el7_9.x86_64
Mar 17 09:29:04 Installed: perl-Time-Local-1.2300-2.el7.noarch
Mar 17 09:29:04 Installed: perl-threads-shared-1.43-6.el7.x86_64
Mar 17 09:29:04 Installed: perl-File-Temp-0.23.01-3.el7.noarch
Mar 17 09:29:04 Installed: perl-File-Path-2.09-2.el7.noarch
Mar 17 09:29:04 Installed: perl-PathTools-3.40-5.el7.x86_64
Mar 17 09:29:04 Installed: perl-Scalar-List-Utils-1.27-248.el7.x86_64
Mar 17 09:29:04 Installed: 4:perl-libs-5.16.3-299.el7_9.x86_64
Mar 17 09:29:04 Installed: 1:perl-Pod-Simple-3.28-4.el7.noarch
Mar 17 09:29:04 Installed: perl-Getopt-Long-2.40-3.el7.noarch
Mar 17 09:29:06 Installed: 4:perl-5.16.3-299.el7_9.x86_64
Mar 17 09:29:06 Installed: perl-Thread-Queue-3.02-2.el7.noarch
Mar 17 09:29:06 Installed: 1:perl-Error-0.17020-2.el7.noarch
Mar 17 09:29:06 Installed: perl-TermReadKey-2.30-20.el7.x86_64
Mar 17 09:29:06 Installed: perl-Data-Dumper-2.145-3.el7.x86_64
Mar 17 09:29:06 Installed: autoconf-2.69-11.el7.noarch
Mar 17 09:29:06 Installed: perl-XML-Parser-2.41-10.el7.x86_64
Mar 17 09:29:06 Installed: perl-Test-Harness-3.28-3.el7.noarch
Mar 17 09:29:06 Installed: automake-1.13.4-3.el7.noarch
Mar 17 09:29:23 Installed: kernel-debug-devel-3.10.0-1160.15.2.el7.x86_64
Mar 17 09:29:23 Installed: trousers-0.3.14-2.el7.x86_64
Mar 17 09:29:23 Installed: gnutls-3.3.29-9.el7_6.x86_64
Mar 17 09:29:23 Installed: bzip2-1.0.6-13.el7.x86_64
Mar 17 09:29:24 Installed: gdb-7.6.1-120.el7.x86_64
Mar 17 09:29:24 Installed: boost-date-time-1.53.0-28.el7.x86_64
Mar 17 09:29:24 Installed: dyninst-9.3.1-3.el7.x86_64
Mar 17 09:29:24 Installed: systemtap-runtime-4.0-13.el7.x86_64
Mar 17 09:29:24 Installed: libmodman-2.0.1-8.el7.x86_64
Mar 17 09:29:24 Installed: libproxy-0.4.11-11.el7.x86_64
Mar 17 09:29:24 Installed: rsync-3.1.2-10.el7.x86_64
Mar 17 09:29:25 Installed: git-1.8.3.1-23.el7_8.x86_64
Mar 17 09:29:25 Installed: perl-Git-1.8.3.1-23.el7_8.noarch
Mar 17 09:29:25 Installed: efivar-libs-36-12.el7.x86_64
Mar 17 09:29:25 Installed: mokutil-15-8.el7.x86_64
Mar 17 09:29:26 Installed: dwz-0.11-3.el7.x86_64
Mar 17 09:29:26 Installed: pakchois-0.4-10.el7.x86_64
Mar 17 09:29:26 Installed: neon-0.30.0-4.el7.x86_64
Mar 17 09:29:26 Installed: subversion-libs-1.7.14-16.el7.x86_64
Mar 17 09:29:26 Installed: elfutils-0.176-5.el7.x86_64
Mar 17 09:29:26 Installed: libstdc++-devel-4.8.5-44.el7.x86_64
Mar 17 09:29:26 Installed: gettext-common-devel-0.19.8.1-3.el7.noarch
Mar 17 09:29:26 Installed: gettext-devel-0.19.8.1-3.el7.x86_64
Mar 17 09:29:26 Installed: perl-srpm-macros-1-8.el7.noarch
Mar 17 09:29:26 Installed: 1:emacs-filesystem-24.3-23.el7.noarch
Mar 17 09:29:27 Installed: kernel-headers-3.10.0-1160.15.2.el7.x86_64
Mar 17 09:29:27 Installed: glibc-headers-2.17-323.el7_9.x86_64
Mar 17 09:29:27 Installed: glibc-devel-2.17-323.el7_9.x86_64
Mar 17 09:29:29 Installed: gcc-4.8.5-44.el7.x86_64
Mar 17 09:29:29 Installed: systemtap-devel-4.0-13.el7.x86_64
Mar 17 09:29:30 Installed: systemtap-client-4.0-13.el7.x86_64
Mar 17 09:29:30 Installed: libquadmath-devel-4.8.5-44.el7.x86_64
Mar 17 09:29:30 Installed: python-srpm-macros-3-34.el7.noarch
Mar 17 09:29:30 Installed: redhat-rpm-config-9.1.0-88.el7.centos.noarch
Mar 17 09:29:30 Installed: rpm-build-4.11.3-45.el7.x86_64
Mar 17 09:29:31 Installed: gcc-gfortran-4.8.5-44.el7.x86_64
Mar 17 09:29:31 Installed: systemtap-4.0-13.el7.x86_64
Mar 17 09:29:31 Installed: gcc-c++-4.8.5-44.el7.x86_64
Mar 17 09:29:32 Installed: libtool-2.4.2-22.el7_3.x86_64
Mar 17 09:29:32 Installed: cscope-15.8-10.el7.x86_64
Mar 17 09:29:32 Installed: intltool-0.50.2-7.el7.noarch
Mar 17 09:29:32 Installed: subversion-1.7.14-16.el7.x86_64
Mar 17 09:29:32 Installed: patchutils-0.3.3-5.el7_9.x86_64
Mar 17 09:29:32 Installed: flex-2.5.37-6.el7.x86_64
Mar 17 09:29:32 Installed: bison-3.0.4-2.el7.x86_64
Mar 17 09:29:32 Installed: rcs-5.9.0-7.el7.x86_64
Mar 17 09:29:33 Installed: swig-2.0.10-5.el7.x86_64
Mar 17 09:29:33 Installed: diffstat-1.57-4.el7.x86_64
Mar 17 09:29:34 Installed: 1:doxygen-1.8.5-4.el7.x86_64
Mar 17 09:29:34 Installed: byacc-1.9.20130304-3.el7.x86_64
Mar 17 09:29:34 Installed: ctags-5.8-13.el7.x86_64
Mar 17 09:29:34 Installed: rpm-sign-4.11.3-45.el7.x86_64
Mar 17 09:29:34 Installed: indent-2.2.11-13.el7.x86_64
Mar 17 09:29:37 Updated: 1:grub2-common-2.02-0.87.el7.centos.2.noarch
Mar 17 09:29:38 Updated: zlib-1.2.7-19.el7_9.x86_64
Mar 17 09:29:38 Updated: 1:openssl-libs-1.0.2k-21.el7_9.x86_64
Mar 17 09:29:38 Updated: 1:grub2-tools-minimal-2.02-0.87.el7.centos.2.x86_64
Mar 17 09:29:38 Updated: 1:grub2-tools-2.02-0.87.el7.centos.2.x86_64
Mar 17 09:29:38 Installed: zlib-devel-1.2.7-19.el7_9.x86_64
Mar 17 09:29:38 Updated: 1:grub2-tools-extra-2.02-0.87.el7.centos.2.x86_64
Mar 17 09:29:38 Updated: 1:grub2-pc-modules-2.02-0.87.el7.centos.2.noarch
Mar 17 09:29:38 Updated: 1:grub2-pc-2.02-0.87.el7.centos.2.x86_64
Mar 17 09:29:38 Installed: libcom_err-devel-1.42.9-19.el7.x86_64
Mar 17 09:29:38 Installed: libverto-devel-0.2.5-4.el7.x86_64
Mar 17 09:29:38 Installed: libsepol-devel-2.5-10.el7.x86_64
Mar 17 09:29:38 Installed: libkadm5-1.15.1-50.el7.x86_64
Mar 17 09:29:39 Installed: pcre-devel-8.32-17.el7.x86_64
Mar 17 09:29:39 Installed: libselinux-devel-2.5-15.el7.x86_64
Mar 17 09:29:39 Installed: keyutils-libs-devel-1.5.8-3.el7.x86_64
Mar 17 09:29:39 Installed: krb5-devel-1.15.1-50.el7.x86_64
Mar 17 09:29:39 Installed: 1:openssl-devel-1.0.2k-21.el7_9.x86_64
Mar 17 09:29:39 Updated: 1:grub2-2.02-0.87.el7.centos.2.x86_64
Mar 17 09:29:39 Installed: elfutils-libelf-devel-0.176-5.el7.x86_64
Mar 17 09:29:39 Updated: 1:openssl-1.0.2k-21.el7_9.x86_64
Mar 17 09:29:39 Installed: wget-1.14-18.el7_6.1.x86_64
Mar 17 09:29:40 Installed: ncurses-devel-5.9-14.20130511.el7_4.x86_64
